android/app/build/outputs/logs/manifest-merger-release-report.txt
-- Merging decision tree log ---
manifest
ADDED from src/main/AndroidManifest.xml:1:1-64:12
INJECTED from src/main/AndroidManifest.xml:1:1-64:12
INJECTED from src/main/AndroidManifest.xml:1:1-64:12
INJECTED from src/main/AndroidManifest.xml:1:1-64:12
MERGED from [:react-native-fingerprint-scanner] AndroidManifest.xml:2:1-12:12
MERGED from [:react-native-background-fetch] AndroidManifest.xml:2:1-10:12
MERGED from [:react-native-community_async-storage] AndroidManifest.xml:2:1-7:12
MERGED from [:react-native-community_masked-view] AndroidManifest.xml:2:1-7:12
MERGED from [:react-native-community_netinfo] AndroidManifest.xml:2:1-10:12
MERGED from [:sentry_react-native] AndroidManifest.xml:2:1-16:12
MERGED from [:react-native-camera] AndroidManifest.xml:2:1-16:12
MERGED from [:react-native-exit-app] AndroidManifest.xml:2:1-7:12
MERGED from [:react-native-gesture-handler] AndroidManifest.xml:2:1-7:12
MERGED from [:react-native-keychain] AndroidManifest.xml:2:1-10:12
MERGED from [:react-native-permissions] AndroidManifest.xml:2:1-7:12
MERGED from [:react-native-push-notification] AndroidManifest.xml:2:1-7:12
MERGED from [:react-native-randombytes] AndroidManifest.xml:2:1-7:12
MERGED from [:react-native-sqlite-storage] AndroidManifest.xml:2:1-7:12
MERGED from [:react-native-svg] AndroidManifest.xml:2:1-7:12
MERGED from [:react-native-tcp] AndroidManifest.xml:2:1-9:12
MERGED from [:react-native-udp] AndroidManifest.xml:2:1-12:12
MERGED from [:react-native-vector-icons] AndroidManifest.xml:2:1-7:12
MERGED from [com.facebook.react:react-native:0.68.7] AndroidManifest.xml:2:1-11:12
MERGED from [com.google.android.gms:play-services-safetynet:18.1.0] AndroidManifest.xml:2:1-8:12
MERGED from [androidx.multidex:multidex:2.0.1] AndroidManifest.xml:17:1-22:12
MERGED from [io.sentry:sentry-android:6.14.0] AndroidManifest.xml:2:1-11:12
MERGED from [org.webkit:android-jsc:r250230] AndroidManifest.xml:2:1-11:12
MERGED from [androidx.biometric:biometric:1.1.0] AndroidManifest.xml:17:1-29:12
MERGED from [com.github.uccmawei:FingerprintIdentify:1.2.6] AndroidManifest.xml:2:1-11:12
MERGED from [com.transistorsoft:tsbackgroundfetch:4.0.0] AndroidManifest.xml:2:1-30:12
MERGED from [com.facebook.fresco:fresco:2.5.0] AndroidManifest.xml:2:1-9:12
MERGED from [com.facebook.fresco:imagepipeline-okhttp3:2.5.0] AndroidManifest.xml:2:1-9:12
MERGED from [com.facebook.fresco:drawee:2.5.0] AndroidManifest.xml:2:1-9:12
MERGED from [com.facebook.fresco:nativeimagefilters:2.5.0] AndroidManifest.xml:2:1-9:12
MERGED from [com.facebook.fresco:memory-type-native:2.5.0] AndroidManifest.xml:2:1-9:12
MERGED from [com.facebook.fresco:memory-type-java:2.5.0] AndroidManifest.xml:2:1-9:12
MERGED from [com.facebook.fresco:imagepipeline-native:2.5.0] AndroidManifest.xml:2:1-9:12
MERGED from [com.facebook.fresco:memory-type-ashmem:2.5.0] AndroidManifest.xml:2:1-9:12
MERGED from [com.facebook.fresco:imagepipeline:2.5.0] AndroidManifest.xml:2:1-9:12
MERGED from [com.facebook.fresco:nativeimagetranscoder:2.5.0] AndroidManifest.xml:2:1-9:12
MERGED from [com.facebook.fresco:imagepipeline-base:2.5.0] AndroidManifest.xml:2:1-9:12
MERGED from [com.google.android.gms:play-services-mlkit-barcode-scanning:16.2.0] AndroidManifest.xml:2:1-18:12
MERGED from [com.google.android.gms:play-services-mlkit-face-detection:16.2.0] AndroidManifest.xml:2:1-18:12
MERGED from [com.google.android.gms:play-services-mlkit-text-recognition:16.3.0] AndroidManifest.xml:2:1-18:12
MERGED from [com.google.firebase:firebase-messaging:21.1.0] AndroidManifest.xml:17:1-58:12
MERGED from [com.google.mlkit:vision-common:16.5.0] AndroidManifest.xml:2:1-18:12
MERGED from [com.google.mlkit:common:17.2.0] AndroidManifest.xml:2:1-26:12
MERGED from [com.google.firebase:firebase-datatransport:17.0.10] AndroidManifest.xml:15:1-34:12
MERGED from [com.google.android.datatransport:transport-backend-cct:2.3.3] AndroidManifest.xml:15:1-38:12
MERGED from [com.google.android.datatransport:transport-runtime:2.2.6] AndroidManifest.xml:15:1-41:12
MERGED from [androidx.appcompat:appcompat:1.4.2] AndroidManifest.xml:17:1-24:12
MERGED from [androidx.autofill:autofill:1.1.0] AndroidManifest.xml:17:1-24:12
MERGED from [androidx.legacy:legacy-support-v4:1.0.0] AndroidManifest.xml:17:1-22:12
MERGED from [androidx.legacy:legacy-support-core-ui:1.0.0] AndroidManifest.xml:17:1-22:12
MERGED from [androidx.swiperefreshlayout:swiperefreshlayout:1.0.0] AndroidManifest.xml:17:1-22:12
MERGED from [com.facebook.fresco:middleware:2.5.0] AndroidManifest.xml:2:1-9:12
MERGED from [com.facebook.fresco:ui-common:2.5.0] AndroidManifest.xml:2:1-9:12
MERGED from [com.facebook.fresco:soloader:2.5.0] AndroidManifest.xml:2:1-9:12
MERGED from [com.facebook.soloader:soloader:0.10.3] AndroidManifest.xml:2:1-13:12
MERGED from [com.google.android.gms:play-services-base:18.5.0] AndroidManifest.xml:2:1-7:12
MERGED from [com.google.firebase:firebase-iid:21.1.0] AndroidManifest.xml:17:1-38:12
MERGED from [com.google.android.gms:play-services-cloud-messaging:16.0.0] AndroidManifest.xml:2:1-13:12
MERGED from [com.google.firebase:firebase-installations:16.3.5] AndroidManifest.xml:2:1-24:12
MERGED from [com.google.firebase:firebase-common:19.5.0] AndroidManifest.xml:15:1-49:12
MERGED from [com.google.firebase:firebase-iid-interop:17.1.0] AndroidManifest.xml:2:1-10:12
MERGED from [com.google.firebase:firebase-installations-interop:16.0.1] AndroidManifest.xml:15:1-23:12
MERGED from [com.google.android.gms:play-services-tasks:18.2.0] AndroidManifest.xml:2:1-5:12
MERGED from [com.google.android.gms:play-services-stats:17.0.0] AndroidManifest.xml:2:1-9:12
MERGED from [com.google.firebase:firebase-measurement-connector:18.0.0] AndroidManifest.xml:17:1-25:12
MERGED from [com.google.android.gms:play-services-basement:18.4.0] AndroidManifest.xml:2:1-9:12
MERGED from [io.sentry:sentry-android-ndk:6.14.0] AndroidManifest.xml:2:1-9:12
MERGED from [io.sentry:sentry-android-core:6.14.0] AndroidManifest.xml:2:1-25:12
MERGED from [androidx.exifinterface:exifinterface:1.3.2] AndroidManifest.xml:17:1-24:12
MERGED from [androidx.media:media:1.0.0] AndroidManifest.xml:17:1-22:12
MERGED from [androidx.legacy:legacy-support-core-utils:1.0.0] AndroidManifest.xml:17:1-22:12
MERGED from [androidx.lifecycle:lifecycle-extensions:2.2.0] AndroidManifest.xml:17:1-27:12
MERGED from [androidx.fragment:fragment:1.3.6] AndroidManifest.xml:17:1-24:12
MERGED from [androidx.activity:activity:1.2.4] AndroidManifest.xml:17:1-24:12
MERGED from [androidx.appcompat:appcompat-resources:1.4.2] AndroidManifest.xml:17:1-24:12
MERGED from [androidx.drawerlayout:drawerlayout:1.0.0] AndroidManifest.xml:17:1-22:12
MERGED from [androidx.emoji2:emoji2-views-helper:1.0.0] AndroidManifest.xml:17:1-24:12
MERGED from [androidx.emoji2:emoji2:1.0.0] AndroidManifest.xml:17:1-37:12
MERGED from [androidx.loader:loader:1.0.0] AndroidManifest.xml:17:1-22:12
MERGED from [androidx.viewpager:viewpager:1.0.0] AndroidManifest.xml:17:1-22:12
MERGED from [androidx.coordinatorlayout:coordinatorlayout:1.0.0] AndroidManifest.xml:17:1-22:12
MERGED from [androidx.slidingpanelayout:slidingpanelayout:1.0.0] AndroidManifest.xml:17:1-22:12
MERGED from [androidx.customview:customview:1.0.0] AndroidManifest.xml:17:1-22:12
MERGED from [androidx.asynclayoutinflater:asynclayoutinflater:1.0.0] AndroidManifest.xml:17:1-22:12
MERGED from [androidx.vectordrawable:vectordrawable-animated:1.1.0] AndroidManifest.xml:17:1-24:12
MERGED from [androidx.vectordrawable:vectordrawable:1.1.0] AndroidManifest.xml:17:1-24:12
MERGED from [androidx.core:core:1.9.0] AndroidManifest.xml:17:1-30:12
MERGED from [androidx.core:core-ktx:1.9.0] AndroidManifest.xml:2:1-7:12
MERGED from [androidx.lifecycle:lifecycle-viewmodel-savedstate:2.3.1] AndroidManifest.xml:17:1-24:12
MERGED from [androidx.lifecycle:lifecycle-viewmodel:2.3.1] AndroidManifest.xml:17:1-24:12
MERGED from [androidx.lifecycle:lifecycle-service:2.2.0] AndroidManifest.xml:17:1-24:12
MERGED from [androidx.lifecycle:lifecycle-process:2.4.0] AndroidManifest.xml:17:1-37:12
MERGED from [androidx.lifecycle:lifecycle-runtime:2.5.1] AndroidManifest.xml:17:1-24:12
MERGED from [androidx.interpolator:interpolator:1.0.0] AndroidManifest.xml:17:1-22:12
MERGED from [com.google.android.datatransport:transport-api:2.2.1] AndroidManifest.xml:15:1-22:12
MERGED from [com.google.firebase:firebase-components:16.1.0] AndroidManifest.xml:15:1-23:12
MERGED from [com.google.firebase:firebase-encoders-json:17.1.0] AndroidManifest.xml:15:1-23:12
MERGED from [androidx.cursoradapter:cursoradapter:1.0.0] AndroidManifest.xml:17:1-22:12
MERGED from [androidx.savedstate:savedstate:1.1.0] AndroidManifest.xml:17:1-24:12
MERGED from [androidx.lifecycle:lifecycle-livedata:2.2.0] AndroidManifest.xml:17:1-24:12
MERGED from [androidx.lifecycle:lifecycle-livedata-core:2.5.1] AndroidManifest.xml:17:1-24:12
MERGED from [androidx.arch.core:core-runtime:2.1.0] AndroidManifest.xml:17:1-24:12
MERGED from [androidx.versionedparcelable:versionedparcelable:1.1.1] AndroidManifest.xml:17:1-27:12
MERGED from [androidx.documentfile:documentfile:1.0.0] AndroidManifest.xml:17:1-22:12
MERGED from [androidx.localbroadcastmanager:localbroadcastmanager:1.0.0] AndroidManifest.xml:17:1-22:12
MERGED from [androidx.print:print:1.0.0] AndroidManifest.xml:17:1-22:12
MERGED from [androidx.startup:startup-runtime:1.0.0] AndroidManifest.xml:17:1-33:12
MERGED from [androidx.tracing:tracing:1.0.0] AndroidManifest.xml:17:1-24:12
MERGED from [androidx.annotation:annotation-experimental:1.3.0] AndroidManifest.xml:17:1-22:12
MERGED from [com.facebook.conceal:conceal:1.1.3] AndroidManifest.xml:7:1-16:12
MERGED from [me.leolin:ShortcutBadger:1.1.22] AndroidManifest.xml:2:1-52:12
MERGED from [com.facebook.fresco:fbcore:2.5.0] AndroidManifest.xml:2:1-9:12
MERGED from [com.google.android.odml:image:1.0.0-beta1] AndroidManifest.xml:2:1-9:12
INJECTED from src/main/AndroidManifest.xml:1:1-64:12
INJECTED from src/main/AndroidManifest.xml:1:1-64:12
INJECTED from src/main/AndroidManifest.xml:1:1-64:12
	package
		ADDED from src/main/AndroidManifest.xml:2:3-27
		INJECTED from src/main/AndroidManifest.xml
		INJECTED from src/main/AndroidManifest.xml
	android:versionName
		INJECTED from src/main/AndroidManifest.xml
		ADDED from src/main/AndroidManifest.xml:1:1-64:12
		INJECTED from src/main/AndroidManifest.xml
	android:versionCode
		INJECTED from src/main/AndroidManifest.xml
		ADDED from src/main/AndroidManifest.xml:1:1-64:12
		INJECTED from src/main/AndroidManifest.xml
	xmlns:android
		ADDED from src/main/AndroidManifest.xml:1:11-69
uses-permission#android.permission.INTERNET
ADDED from src/main/AndroidManifest.xml:4:5-67
MERGED from [:sentry_react-native] AndroidManifest.xml:7:5-67
MERGED from [:sentry_react-native] AndroidManifest.xml:7:5-67
MERGED from [:react-native-tcp] AndroidManifest.xml:7:5-67
MERGED from [:react-native-tcp] AndroidManifest.xml:7:5-67
MERGED from [:react-native-udp] AndroidManifest.xml:7:5-67
MERGED from [:react-native-udp] AndroidManifest.xml:7:5-67
MERGED from [com.google.android.datatransport:transport-backend-cct:2.3.3] AndroidManifest.xml:26:5-67
MERGED from [com.google.android.datatransport:transport-backend-cct:2.3.3] AndroidManifest.xml:26:5-67
MERGED from [com.google.firebase:firebase-iid:21.1.0] AndroidManifest.xml:23:5-67
MERGED from [com.google.firebase:firebase-iid:21.1.0] AndroidManifest.xml:23:5-67
MERGED from [com.google.android.gms:play-services-cloud-messaging:16.0.0] AndroidManifest.xml:8:5-67
MERGED from [com.google.android.gms:play-services-cloud-messaging:16.0.0] AndroidManifest.xml:8:5-67
MERGED from [com.google.firebase:firebase-installations:16.3.5] AndroidManifest.xml:11:5-67
MERGED from [com.google.firebase:firebase-installations:16.3.5] AndroidManifest.xml:11:5-67
MERGED from [io.sentry:sentry-android-core:6.14.0] AndroidManifest.xml:9:5-67
MERGED from [io.sentry:sentry-android-core:6.14.0] AndroidManifest.xml:9:5-67
	android:name
		ADDED from src/main/AndroidManifest.xml:4:22-64
uses-permission#android.permission.CAMERA
ADDED from src/main/AndroidManifest.xml:5:5-65
MERGED from [:react-native-camera] AndroidManifest.xml:7:5-65
MERGED from [:react-native-camera] AndroidManifest.xml:7:5-65
	android:name
		ADDED from src/main/AndroidManifest.xml:5:22-62
uses-permission#android.permission.VIBRATE
ADDED from src/main/AndroidManifest.xml:6:5-65
	android:name
		ADDED from src/main/AndroidManifest.xml:6:22-63
uses-permission#android.permission.USE_FINGERPRINT
ADDED from src/main/AndroidManifest.xml:7:5-74
MERGED from [:react-native-fingerprint-scanner] AndroidManifest.xml:7:5-74
MERGED from [:react-native-fingerprint-scanner] AndroidManifest.xml:7:5-74
MERGED from [:react-native-keychain] AndroidManifest.xml:8:5-74
MERGED from [:react-native-keychain] AndroidManifest.xml:8:5-74
MERGED from [androidx.biometric:biometric:1.1.0] AndroidManifest.xml:27:5-74
MERGED from [androidx.biometric:biometric:1.1.0] AndroidManifest.xml:27:5-74
	android:name
		ADDED from src/main/AndroidManifest.xml:7:22-71
application
ADDED from src/main/AndroidManifest.xml:9:5-62:19
MERGED from [:react-native-background-fetch] AndroidManifest.xml:7:5-8:19
MERGED from [:react-native-background-fetch] AndroidManifest.xml:7:5-8:19
MERGED from [:sentry_react-native] AndroidManifest.xml:10:5-14:19
MERGED from [:sentry_react-native] AndroidManifest.xml:10:5-14:19
MERGED from [com.facebook.react:react-native:0.68.7] AndroidManifest.xml:9:5-20
MERGED from [com.facebook.react:react-native:0.68.7] AndroidManifest.xml:9:5-20
MERGED from [com.google.android.gms:play-services-safetynet:18.1.0] AndroidManifest.xml:6:5-20
MERGED from [com.google.android.gms:play-services-safetynet:18.1.0] AndroidManifest.xml:6:5-20
MERGED from [com.transistorsoft:tsbackgroundfetch:4.0.0] AndroidManifest.xml:10:5-28:19
MERGED from [com.transistorsoft:tsbackgroundfetch:4.0.0] AndroidManifest.xml:10:5-28:19
MERGED from [com.google.android.gms:play-services-mlkit-barcode-scanning:16.2.0] AndroidManifest.xml:8:5-16:19
MERGED from [com.google.android.gms:play-services-mlkit-barcode-scanning:16.2.0] AndroidManifest.xml:8:5-16:19
MERGED from [com.google.android.gms:play-services-mlkit-face-detection:16.2.0] AndroidManifest.xml:8:5-16:19
MERGED from [com.google.android.gms:play-services-mlkit-face-detection:16.2.0] AndroidManifest.xml:8:5-16:19
MERGED from [com.google.android.gms:play-services-mlkit-text-recognition:16.3.0] AndroidManifest.xml:8:5-16:19
MERGED from [com.google.android.gms:play-services-mlkit-text-recognition:16.3.0] AndroidManifest.xml:8:5-16:19
MERGED from [com.google.firebase:firebase-messaging:21.1.0] AndroidManifest.xml:27:5-56:19
MERGED from [com.google.firebase:firebase-messaging:21.1.0] AndroidManifest.xml:27:5-56:19
MERGED from [com.google.mlkit:vision-common:16.5.0] AndroidManifest.xml:8:5-16:19
MERGED from [com.google.mlkit:vision-common:16.5.0] AndroidManifest.xml:8:5-16:19
MERGED from [com.google.mlkit:common:17.2.0] AndroidManifest.xml:8:5-24:19
MERGED from [com.google.mlkit:common:17.2.0] AndroidManifest.xml:8:5-24:19
MERGED from [com.google.firebase:firebase-datatransport:17.0.10] AndroidManifest.xml:24:5-32:19
MERGED from [com.google.firebase:firebase-datatransport:17.0.10] AndroidManifest.xml:24:5-32:19
MERGED from [com.google.android.datatransport:transport-backend-cct:2.3.3] AndroidManifest.xml:28:5-36:19
MERGED from [com.google.android.datatransport:transport-backend-cct:2.3.3] AndroidManifest.xml:28:5-36:19
MERGED from [com.google.android.datatransport:transport-runtime:2.2.6] AndroidManifest.xml:25:5-39:19
MERGED from [com.google.android.datatransport:transport-runtime:2.2.6] AndroidManifest.xml:25:5-39:19
MERGED from [com.facebook.soloader:soloader:0.10.3] AndroidManifest.xml:11:5-20
MERGED from [com.facebook.soloader:soloader:0.10.3] AndroidManifest.xml:11:5-20
MERGED from [com.google.android.gms:play-services-base:18.5.0] AndroidManifest.xml:4:5-6:19
MERGED from [com.google.android.gms:play-services-base:18.5.0] AndroidManifest.xml:4:5-6:19
MERGED from [com.google.firebase:firebase-iid:21.1.0] AndroidManifest.xml:28:5-36:19
MERGED from [com.google.firebase:firebase-iid:21.1.0] AndroidManifest.xml:28:5-36:19
MERGED from [com.google.firebase:firebase-installations:16.3.5] AndroidManifest.xml:14:5-22:19
MERGED from [com.google.firebase:firebase-installations:16.3.5] AndroidManifest.xml:14:5-22:19
MERGED from [com.google.firebase:firebase-common:19.5.0] AndroidManifest.xml:25:5-47:19
MERGED from [com.google.firebase:firebase-common:19.5.0] AndroidManifest.xml:25:5-47:19
MERGED from [com.google.firebase:firebase-iid-interop:17.1.0] AndroidManifest.xml:7:5-8:19
MERGED from [com.google.firebase:firebase-iid-interop:17.1.0] AndroidManifest.xml:7:5-8:19
MERGED from [com.google.android.gms:play-services-tasks:18.2.0] AndroidManifest.xml:4:5-20
MERGED from [com.google.android.gms:play-services-tasks:18.2.0] AndroidManifest.xml:4:5-20
MERGED from [com.google.android.gms:play-services-stats:17.0.0] AndroidManifest.xml:7:5-20
MERGED from [com.google.android.gms:play-services-stats:17.0.0] AndroidManifest.xml:7:5-20
MERGED from [com.google.firebase:firebase-measurement-connector:18.0.0] AndroidManifest.xml:22:5-23:19
MERGED from [com.google.firebase:firebase-measurement-connector:18.0.0] AndroidManifest.xml:22:5-23:19
MERGED from [com.google.android.gms:play-services-basement:18.4.0] AndroidManifest.xml:5:5-7:19
MERGED from [com.google.android.gms:play-services-basement:18.4.0] AndroidManifest.xml:5:5-7:19
MERGED from [io.sentry:sentry-android-core:6.14.0] AndroidManifest.xml:11:5-23:19
MERGED from [io.sentry:sentry-android-core:6.14.0] AndroidManifest.xml:11:5-23:19
MERGED from [androidx.lifecycle:lifecycle-extensions:2.2.0] AndroidManifest.xml:24:5-25:19
MERGED from [androidx.lifecycle:lifecycle-extensions:2.2.0] AndroidManifest.xml:24:5-25:19
MERGED from [androidx.emoji2:emoji2:1.0.0] AndroidManifest.xml:25:5-35:19
MERGED from [androidx.emoji2:emoji2:1.0.0] AndroidManifest.xml:25:5-35:19
MERGED from [androidx.core:core:1.9.0] AndroidManifest.xml:28:5-89
MERGED from [androidx.core:core:1.9.0] AndroidManifest.xml:28:5-89
MERGED from [androidx.lifecycle:lifecycle-process:2.4.0] AndroidManifest.xml:25:5-35:19
MERGED from [androidx.lifecycle:lifecycle-process:2.4.0] AndroidManifest.xml:25:5-35:19
MERGED from [androidx.versionedparcelable:versionedparcelable:1.1.1] AndroidManifest.xml:24:5-25:19
MERGED from [androidx.versionedparcelable:versionedparcelable:1.1.1] AndroidManifest.xml:24:5-25:19
MERGED from [androidx.startup:startup-runtime:1.0.0] AndroidManifest.xml:25:5-31:19
MERGED from [androidx.startup:startup-runtime:1.0.0] AndroidManifest.xml:25:5-31:19
MERGED from [com.google.android.odml:image:1.0.0-beta1] AndroidManifest.xml:7:5-20
MERGED from [com.google.android.odml:image:1.0.0-beta1] AndroidManifest.xml:7:5-20
	android:appComponentFactory
		ADDED from [androidx.core:core:1.9.0] AndroidManifest.xml:28:18-86
	android:label
		ADDED from src/main/AndroidManifest.xml:11:7-39
	android:roundIcon
		ADDED from src/main/AndroidManifest.xml:13:7-52
	android:largeHeap
		ADDED from src/main/AndroidManifest.xml:15:7-31
	android:icon
		ADDED from src/main/AndroidManifest.xml:12:7-41
	android:allowBackup
		ADDED from src/main/AndroidManifest.xml:14:7-34
	android:theme
		ADDED from src/main/AndroidManifest.xml:17:7-38
	android:usesCleartextTraffic
		ADDED from src/main/AndroidManifest.xml:16:7-42
	android:name
		ADDED from src/main/AndroidManifest.xml:10:7-52
meta-data#com.dieam.reactnativepushnotification.notification_channel_name
ADDED from src/main/AndroidManifest.xml:19:9-20:65
	android:value
		ADDED from src/main/AndroidManifest.xml:20:17-63
	android:name
		ADDED from src/main/AndroidManifest.xml:19:21-99
meta-data#com.dieam.reactnativepushnotification.notification_channel_description
ADDED from src/main/AndroidManifest.xml:21:9-22:76
	android:value
		ADDED from src/main/AndroidManifest.xml:22:21-74
	android:name
		ADDED from src/main/AndroidManifest.xml:21:21-106
meta-data#com.dieam.reactnativepushnotification.notification_color
ADDED from src/main/AndroidManifest.xml:24:9-25:62
	android:resource
		ADDED from src/main/AndroidManifest.xml:25:21-60
	android:name
		ADDED from src/main/AndroidManifest.xml:24:21-92
receiver#com.dieam.reactnativepushnotification.modules.RNPushNotificationPublisher
ADDED from src/main/AndroidManifest.xml:27:9-110
	android:name
		ADDED from src/main/AndroidManifest.xml:27:19-107
receiver#com.dieam.reactnativepushnotification.modules.RNPushNotificationBootEventReceiver
ADDED from src/main/AndroidManifest.xml:28:9-32:20
	android:exported
		ADDED from src/main/AndroidManifest.xml:28:116-139
	android:name
		ADDED from src/main/AndroidManifest.xml:28:19-115
intent-filter#action:name:android.intent.action.BOOT_COMPLETED
ADDED from src/main/AndroidManifest.xml:29:13-31:29
action#android.intent.action.BOOT_COMPLETED
ADDED from src/main/AndroidManifest.xml:30:17-79
	android:name
		ADDED from src/main/AndroidManifest.xml:30:25-76
service#com.dieam.reactnativepushnotification.modules.RNPushNotificationRegistrationService
ADDED from src/main/AndroidManifest.xml:33:9-118
	android:name
		ADDED from src/main/AndroidManifest.xml:33:18-116
service#com.dieam.reactnativepushnotification.modules.RNPushNotificationListenerService
ADDED from src/main/AndroidManifest.xml:35:9-41:19
	android:exported
		ADDED from src/main/AndroidManifest.xml:37:13-37
	android:name
		ADDED from src/main/AndroidManifest.xml:36:13-107
intent-filter#action:name:com.google.firebase.MESSAGING_EVENT
ADDED from src/main/AndroidManifest.xml:38:13-40:29
action#com.google.firebase.MESSAGING_EVENT
ADDED from src/main/AndroidManifest.xml:39:17-78
	android:name
		ADDED from src/main/AndroidManifest.xml:39:25-75
activity#io.traaitt.osx.MainActivity
ADDED from src/main/AndroidManifest.xml:43:7-60:18
	android:screenOrientation
		ADDED from src/main/AndroidManifest.xml:47:9-45
	android:label
		ADDED from src/main/AndroidManifest.xml:45:9-41
	android:windowSoftInputMode
		ADDED from src/main/AndroidManifest.xml:48:9-48
	android:exported
		ADDED from src/main/AndroidManifest.xml:49:9-32
	android:configChanges
		ADDED from src/main/AndroidManifest.xml:46:9-79
	android:name
		ADDED from src/main/AndroidManifest.xml:44:9-51
intent-filter#action:name:android.intent.action.MAIN+category:name:android.intent.category.LAUNCHER
ADDED from src/main/AndroidManifest.xml:50:9-53:25
action#android.intent.action.MAIN
ADDED from src/main/AndroidManifest.xml:51:13-65
	android:name
		ADDED from src/main/AndroidManifest.xml:51:21-62
category#android.intent.category.LAUNCHER
ADDED from src/main/AndroidManifest.xml:52:13-73
	android:name
		ADDED from src/main/AndroidManifest.xml:52:23-70
intent-filter#action:name:android.intent.action.VIEW+category:name:android.intent.category.BROWSABLE+category:name:android.intent.category.DEFAULT+data:scheme:turtlecoin
ADDED from src/main/AndroidManifest.xml:54:9-59:25
	android:label
		ADDED from src/main/AndroidManifest.xml:54:24-59
action#android.intent.action.VIEW
ADDED from src/main/AndroidManifest.xml:55:11-63
	android:name
		ADDED from src/main/AndroidManifest.xml:55:19-60
category#android.intent.category.DEFAULT
ADDED from src/main/AndroidManifest.xml:56:11-70
	android:name
		ADDED from src/main/AndroidManifest.xml:56:21-67
category#android.intent.category.BROWSABLE
ADDED from src/main/AndroidManifest.xml:57:11-72
	android:name
		ADDED from src/main/AndroidManifest.xml:57:21-69
data
ADDED from src/main/AndroidManifest.xml:58:11-46
	android:scheme
		ADDED from src/main/AndroidManifest.xml:58:17-44
activity#com.facebook.react.devsupport.DevSettingsActivity
ADDED from src/main/AndroidManifest.xml:61:7-84
	android:name
		ADDED from src/main/AndroidManifest.xml:61:17-81
uses-sdk
INJECTED from src/main/AndroidManifest.xml reason: use-sdk injection requested
INJECTED from src/main/AndroidManifest.xml
INJECTED from src/main/AndroidManifest.xml
MERGED from [:react-native-fingerprint-scanner] AndroidManifest.xml:5:5-44
MERGED from [:react-native-fingerprint-scanner] AndroidManifest.xml:5:5-44
MERGED from [:react-native-background-fetch] AndroidManifest.xml:5:5-44
MERGED from [:react-native-background-fetch] AndroidManifest.xml:5:5-44
MERGED from [:react-native-community_async-storage] AndroidManifest.xml:5:5-44
MERGED from [:react-native-community_async-storage] AndroidManifest.xml:5:5-44
MERGED from [:react-native-community_masked-view] AndroidManifest.xml:5:5-44
MERGED from [:react-native-community_masked-view] AndroidManifest.xml:5:5-44
MERGED from [:react-native-community_netinfo] AndroidManifest.xml:5:5-44
MERGED from [:react-native-community_netinfo] AndroidManifest.xml:5:5-44
MERGED from [:sentry_react-native] AndroidManifest.xml:5:5-44
MERGED from [:sentry_react-native] AndroidManifest.xml:5:5-44
MERGED from [:react-native-camera] AndroidManifest.xml:5:5-44
MERGED from [:react-native-camera] AndroidManifest.xml:5:5-44
MERGED from [:react-native-exit-app] AndroidManifest.xml:5:5-44
MERGED from [:react-native-exit-app] AndroidManifest.xml:5:5-44
MERGED from [:react-native-gesture-handler] AndroidManifest.xml:5:5-44
MERGED from [:react-native-gesture-handler] AndroidManifest.xml:5:5-44
MERGED from [:react-native-keychain] AndroidManifest.xml:5:5-44
MERGED from [:react-native-keychain] AndroidManifest.xml:5:5-44
MERGED from [:react-native-permissions] AndroidManifest.xml:5:5-44
MERGED from [:react-native-permissions] AndroidManifest.xml:5:5-44
MERGED from [:react-native-push-notification] AndroidManifest.xml:5:5-44
MERGED from [:react-native-push-notification] AndroidManifest.xml:5:5-44
MERGED from [:react-native-randombytes] AndroidManifest.xml:5:5-44
MERGED from [:react-native-randombytes] AndroidManifest.xml:5:5-44
MERGED from [:react-native-sqlite-storage] AndroidManifest.xml:5:5-44
MERGED from [:react-native-sqlite-storage] AndroidManifest.xml:5:5-44
MERGED from [:react-native-svg] AndroidManifest.xml:5:5-44
MERGED from [:react-native-svg] AndroidManifest.xml:5:5-44
MERGED from [:react-native-tcp] AndroidManifest.xml:5:5-44
MERGED from [:react-native-tcp] AndroidManifest.xml:5:5-44
MERGED from [:react-native-udp] AndroidManifest.xml:5:5-44
MERGED from [:react-native-udp] AndroidManifest.xml:5:5-44
MERGED from [:react-native-vector-icons] AndroidManifest.xml:5:5-44
MERGED from [:react-native-vector-icons] AndroidManifest.xml:5:5-44
MERGED from [com.facebook.react:react-native:0.68.7] AndroidManifest.xml:5:5-7:41
MERGED from [com.facebook.react:react-native:0.68.7] AndroidManifest.xml:5:5-7:41
MERGED from [com.google.android.gms:play-services-safetynet:18.1.0] AndroidManifest.xml:4:5-44
MERGED from [com.google.android.gms:play-services-safetynet:18.1.0] AndroidManifest.xml:4:5-44
MERGED from [androidx.multidex:multidex:2.0.1] AndroidManifest.xml:20:5-43
MERGED from [androidx.multidex:multidex:2.0.1] AndroidManifest.xml:20:5-43
MERGED from [io.sentry:sentry-android:6.14.0] AndroidManifest.xml:6:5-9:57
MERGED from [io.sentry:sentry-android:6.14.0] AndroidManifest.xml:6:5-9:57
MERGED from [org.webkit:android-jsc:r250230] AndroidManifest.xml:7:5-9:41
MERGED from [org.webkit:android-jsc:r250230] AndroidManifest.xml:7:5-9:41
MERGED from [androidx.biometric:biometric:1.1.0] AndroidManifest.xml:20:5-22:41
MERGED from [androidx.biometric:biometric:1.1.0] AndroidManifest.xml:20:5-22:41
MERGED from [com.github.uccmawei:FingerprintIdentify:1.2.6] AndroidManifest.xml:7:5-9:41
MERGED from [com.github.uccmawei:FingerprintIdentify:1.2.6] AndroidManifest.xml:7:5-9:41
MERGED from [com.transistorsoft:tsbackgroundfetch:4.0.0] AndroidManifest.xml:5:5-44
MERGED from [com.transistorsoft:tsbackgroundfetch:4.0.0] AndroidManifest.xml:5:5-44
MERGED from [com.facebook.fresco:fresco:2.5.0] AndroidManifest.xml:5:5-7:41
MERGED from [com.facebook.fresco:fresco:2.5.0] AndroidManifest.xml:5:5-7:41
MERGED from [com.facebook.fresco:imagepipeline-okhttp3:2.5.0] AndroidManifest.xml:5:5-7:41
MERGED from [com.facebook.fresco:imagepipeline-okhttp3:2.5.0] AndroidManifest.xml:5:5-7:41
MERGED from [com.facebook.fresco:drawee:2.5.0] AndroidManifest.xml:5:5-7:41
MERGED from [com.facebook.fresco:drawee:2.5.0] AndroidManifest.xml:5:5-7:41
MERGED from [com.facebook.fresco:nativeimagefilters:2.5.0] AndroidManifest.xml:5:5-7:41
MERGED from [com.facebook.fresco:nativeimagefilters:2.5.0] AndroidManifest.xml:5:5-7:41
MERGED from [com.facebook.fresco:memory-type-native:2.5.0] AndroidManifest.xml:5:5-7:41
MERGED from [com.facebook.fresco:memory-type-native:2.5.0] AndroidManifest.xml:5:5-7:41
MERGED from [com.facebook.fresco:memory-type-java:2.5.0] AndroidManifest.xml:5:5-7:41
MERGED from [com.facebook.fresco:memory-type-java:2.5.0] AndroidManifest.xml:5:5-7:41
MERGED from [com.facebook.fresco:imagepipeline-native:2.5.0] AndroidManifest.xml:5:5-7:41
MERGED from [com.facebook.fresco:imagepipeline-native:2.5.0] AndroidManifest.xml:5:5-7:41
MERGED from [com.facebook.fresco:memory-type-ashmem:2.5.0] AndroidManifest.xml:5:5-7:41
MERGED from [com.facebook.fresco:memory-type-ashmem:2.5.0] AndroidManifest.xml:5:5-7:41
MERGED from [com.facebook.fresco:imagepipeline:2.5.0] AndroidManifest.xml:5:5-7:41
MERGED from [com.facebook.fresco:imagepipeline:2.5.0] AndroidManifest.xml:5:5-7:41
MERGED from [com.facebook.fresco:nativeimagetranscoder:2.5.0] AndroidManifest.xml:5:5-7:41
MERGED from [com.facebook.fresco:nativeimagetranscoder:2.5.0] AndroidManifest.xml:5:5-7:41
MERGED from [com.facebook.fresco:imagepipeline-base:2.5.0] AndroidManifest.xml:5:5-7:41
MERGED from [com.facebook.fresco:imagepipeline-base:2.5.0] AndroidManifest.xml:5:5-7:41
MERGED from [com.google.android.gms:play-services-mlkit-barcode-scanning:16.2.0] AndroidManifest.xml:6:5-44
MERGED from [com.google.android.gms:play-services-mlkit-barcode-scanning:16.2.0] AndroidManifest.xml:6:5-44
MERGED from [com.google.android.gms:play-services-mlkit-face-detection:16.2.0] AndroidManifest.xml:6:5-44
MERGED from [com.google.android.gms:play-services-mlkit-face-detection:16.2.0] AndroidManifest.xml:6:5-44